---2024-Sep-15 12:05:44---------------------------------------------------
AppThreadMgr: 2024-Sep-15 12:05:44 Task T1 started ...
AppThreadMgr: 2024-Sep-15 12:05:44 Task T3 started ...
AppThreadMgr: 2024-Sep-15 12:05:44 Task T4 started ...
AppThreadMgr: 2024-Sep-15 12:05:44 Task T2 started ...
AppThreadMgr: 2024-Sep-15 12:05:47 Task T2 finished  ...
AppThreadMgr: 2024-Sep-15 12:05:47 Task T2 ran in 00:00:03.0702490 ...
AppThreadMgr: 2024-Sep-15 12:05:49 Task T3 finished  ...
AppThreadMgr: 2024-Sep-15 12:05:49 Task T3 ran in 00:00:05.0657130 ...
AppThreadMgr: 2024-Sep-15 12:05:50 Task T4 finished  ...
AppThreadMgr: 2024-Sep-15 12:05:50 Task T4 ran in 00:00:06.0987950 ...
AppThreadMgr: 2024-Sep-15 12:05:51 Task T1 finished  ...
AppThreadMgr: 2024-Sep-15 12:05:51 Task T1 ran in 00:00:07.0709550 ...
AppThreadMgr: 2024-Sep-15 12:05:51 All tasks completed in 00:00:07.1623670
---2024-Sep-15 12:06:08---------------------------------------------------
AppThreadMgr: 2024-Sep-15 12:06:08 Task T3 started ...
AppThreadMgr: 2024-Sep-15 12:06:08 Task T4 started ...
AppThreadMgr: 2024-Sep-15 12:06:08 Task T2 started ...
AppThreadMgr: 2024-Sep-15 12:06:11 Task T2 finished  ...
AppThreadMgr: 2024-Sep-15 12:06:11 Task T2 ran in 00:00:03.0454720 ...
AppThreadMgr: 2024-Sep-15 12:06:13 Task T3 finished  ...
AppThreadMgr: 2024-Sep-15 12:06:13 Task T3 ran in 00:00:05.0322530 ...
AppThreadMgr: 2024-Sep-15 12:06:14 Task T4 finished  ...
AppThreadMgr: 2024-Sep-15 12:06:14 Task T4 ran in 00:00:06.0534700 ...
AppThreadMgr: 2024-Sep-15 12:06:15 Task T1 finished  ...
AppThreadMgr: 2024-Sep-15 12:06:15 Task T1 ran in 00:00:07.0452060 ...
AppThreadMgr: 2024-Sep-15 12:06:15 All tasks completed in 00:00:07.1121000
